<?xml version="1.0" encoding="UTF-8"?>
<!-- Generated by org.testng.reporters.JUnitReportReporter -->
<testsuite hostname="DESKTOP-AND16HF" failures="0" tests="1" name="Test.FacebookTest" time="17.869" errors="0" timestamp="2022-04-29T00:29:55 IST" skipped="0">
  <testcase classname="Test.FacebookTest" name="LoginWithValidCredentials" time="17.869"/>
  <system-out/>
</testsuite> <!-- Test.FacebookTest -->
