<?xml version="1.0" encoding="UTF-8"?>
<!-- Generated by org.testng.reporters.JUnitReportReporter -->
<testsuite hostname="DESKTOP-AND16HF" failures="0" tests="1" name="Test.HomePageTest" time="11.513" errors="0" timestamp="2022-04-28T23:04:56 IST" skipped="0">
  <testcase classname="Test.HomePageTest" name="buystok" time="11.513"/>
  <system-out/>
</testsuite> <!-- Test.HomePageTest -->
