<?xml version="1.0" encoding="UTF-8"?>
<!-- Generated by org.testng.reporters.JUnitReportReporter -->
<testsuite hostname="DESKTOP-AND16HF" failures="0" tests="1" name="Test.ExtentReportTest" time="13.248" errors="0" timestamp="2022-05-06T10:37:10 IST" skipped="0">
  <testcase classname="Test.ExtentReportTest" name="loginWithCredentials" time="13.248"/>
  <system-out/>
</testsuite> <!-- Test.ExtentReportTest -->
