<?xml version="1.0" encoding="UTF-8"?>
<!-- Generated by org.testng.reporters.JUnitReportReporter -->
<testsuite hostname="DESKTOP-AND16HF" failures="0" tests="1" name="Test.LogoutTest" time="20.574" errors="0" timestamp="2022-04-30T00:21:53 IST" skipped="0">
  <testcase classname="Test.LogoutTest" name="LoginWithCredentials" time="20.574"/>
  <system-out/>
</testsuite> <!-- Test.LogoutTest -->
